This is pdfTeX, Version 3.141592653-2.6-1.40.26 (TeX Live 2024) (preloaded format=pdflatex 2024.5.6)  14 JUL 2024 19:14
entering extended mode
 restricted \write18 enabled.
 %&-line parsing enabled.
**main.tex
(./main.tex
LaTeX2e <2023-11-01> patch level 1
L3 programming layer <2024-04-11>
(/Users/davidliu/Library/TinyTeX/texmf-dist/tex/latex/base/article.cls
Document Class: article 2024/02/08 v1.4n Standard LaTeX document class
(/Users/davidliu/Library/TinyTeX/texmf-dist/tex/latex/base/size10.clo
File: size10.clo 2024/02/08 v1.4n Standard LaTeX file (size option)
)
\c@part=\count189
\c@section=\count190
\c@subsection=\count191
\c@subsubsection=\count192
\c@paragraph=\count193
\c@subparagraph=\count194
\c@figure=\count195
\c@table=\count196
\abovecaptionskip=\skip48
\belowcaptionskip=\skip49
\bibindent=\dimen140
) (./arxiv.sty (/Users/davidliu/Library/TinyTeX/texmf-dist/tex/latex/geometry/geometry.sty
Package: geometry 2020/01/02 v5.9 Page Geometry
(/Users/davidliu/Library/TinyTeX/texmf-dist/tex/latex/graphics/keyval.sty
Package: keyval 2022/05/29 v1.15 key=value parser (DPC)
\KV@toks@=\toks17
) (/Users/davidliu/Library/TinyTeX/texmf-dist/tex/generic/iftex/ifvtex.sty
Package: ifvtex 2019/10/25 v1.7 ifvtex legacy package. Use iftex instead.
(/Users/davidliu/Library/TinyTeX/texmf-dist/tex/generic/iftex/iftex.sty
Package: iftex 2022/02/03 v1.0f TeX engine tests
))
\Gm@cnth=\count197
\Gm@cntv=\count198
\c@Gm@tempcnt=\count199
\Gm@bindingoffset=\dimen141
\Gm@wd@mp=\dimen142
\Gm@odd@mp=\dimen143
\Gm@even@mp=\dimen144
\Gm@layoutwidth=\dimen145
\Gm@layoutheight=\dimen146
\Gm@layouthoffset=\dimen147
\Gm@layoutvoffset=\dimen148
\Gm@dimlist=\toks18
) (/Users/davidliu/Library/TinyTeX/texmf-dist/tex/latex/fancyhdr/fancyhdr.sty
Package: fancyhdr 2024/04/23 v4.2 Extensive control of page headers and footers
\f@nch@headwidth=\skip50
\f@nch@O@elh=\skip51
\f@nch@O@erh=\skip52
\f@nch@O@olh=\skip53
\f@nch@O@orh=\skip54
\f@nch@O@elf=\skip55
\f@nch@O@erf=\skip56
\f@nch@O@olf=\skip57
\f@nch@O@orf=\skip58
)
\@abovecaptionskip=\skip59
\@belowcaptionskip=\skip60
) (/Users/davidliu/Library/TinyTeX/texmf-dist/tex/latex/base/inputenc.sty
Package: inputenc 2024/02/08 v1.3d Input encoding file
\inpenc@prehook=\toks19
\inpenc@posthook=\toks20
) (/Users/davidliu/Library/TinyTeX/texmf-dist/tex/latex/base/fontenc.sty
Package: fontenc 2021/04/29 v2.0v Standard LaTeX package
LaTeX Font Info:    Trying to load font information for T1+ptm on input line 116.
(/Users/davidliu/Library/TinyTeX/texmf-dist/tex/latex/psnfss/t1ptm.fd
File: t1ptm.fd 2001/06/04 font definitions for T1/ptm.
)) (/Users/davidliu/Library/TinyTeX/texmf-dist/tex/latex/lm/lmodern.sty
Package: lmodern 2015/05/01 v1.6.1 Latin Modern Fonts
LaTeX Font Info:    Overwriting symbol font `operators' in version `normal'
(Font)                  OT1/cmr/m/n --> OT1/lmr/m/n on input line 22.
LaTeX Font Info:    Overwriting symbol font `letters' in version `normal'
(Font)                  OML/cmm/m/it --> OML/lmm/m/it on input line 23.
LaTeX Font Info:    Overwriting symbol font `symbols' in version `normal'
(Font)                  OMS/cmsy/m/n --> OMS/lmsy/m/n on input line 24.
LaTeX Font Info:    Overwriting symbol font `largesymbols' in version `normal'
(Font)                  OMX/cmex/m/n --> OMX/lmex/m/n on input line 25.
LaTeX Font Info:    Overwriting symbol font `operators' in version `bold'
(Font)                  OT1/cmr/bx/n --> OT1/lmr/bx/n on input line 26.
LaTeX Font Info:    Overwriting symbol font `letters' in version `bold'
(Font)                  OML/cmm/b/it --> OML/lmm/b/it on input line 27.
LaTeX Font Info:    Overwriting symbol font `symbols' in version `bold'
(Font)                  OMS/cmsy/b/n --> OMS/lmsy/b/n on input line 28.
LaTeX Font Info:    Overwriting symbol font `largesymbols' in version `bold'
(Font)                  OMX/cmex/m/n --> OMX/lmex/m/n on input line 29.
LaTeX Font Info:    Overwriting math alphabet `\mathbf' in version `normal'
(Font)                  OT1/cmr/bx/n --> OT1/lmr/bx/n on input line 31.
LaTeX Font Info:    Overwriting math alphabet `\mathsf' in version `normal'
(Font)                  OT1/cmss/m/n --> OT1/lmss/m/n on input line 32.
LaTeX Font Info:    Overwriting math alphabet `\mathit' in version `normal'
(Font)                  OT1/cmr/m/it --> OT1/lmr/m/it on input line 33.
LaTeX Font Info:    Overwriting math alphabet `\mathtt' in version `normal'
(Font)                  OT1/cmtt/m/n --> OT1/lmtt/m/n on input line 34.
LaTeX Font Info:    Overwriting math alphabet `\mathbf' in version `bold'
(Font)                  OT1/cmr/bx/n --> OT1/lmr/bx/n on input line 35.
LaTeX Font Info:    Overwriting math alphabet `\mathsf' in version `bold'
(Font)                  OT1/cmss/bx/n --> OT1/lmss/bx/n on input line 36.
LaTeX Font Info:    Overwriting math alphabet `\mathit' in version `bold'
(Font)                  OT1/cmr/bx/it --> OT1/lmr/bx/it on input line 37.
LaTeX Font Info:    Overwriting math alphabet `\mathtt' in version `bold'
(Font)                  OT1/cmtt/m/n --> OT1/lmtt/m/n on input line 38.
) (/Users/davidliu/Library/TinyTeX/texmf-dist/tex/latex/hyperref/hyperref.sty
Package: hyperref 2024-07-10 v7.01j Hypertext links for LaTeX
(/Users/davidliu/Library/TinyTeX/texmf-dist/tex/latex/kvsetkeys/kvsetkeys.sty
Package: kvsetkeys 2022-10-05 v1.19 Key value parser (HO)
) (/Users/davidliu/Library/TinyTeX/texmf-dist/tex/generic/kvdefinekeys/kvdefinekeys.sty
Package: kvdefinekeys 2019-12-19 v1.6 Define keys (HO)
) (/Users/davidliu/Library/TinyTeX/texmf-dist/tex/generic/pdfescape/pdfescape.sty
Package: pdfescape 2019/12/09 v1.15 Implements pdfTeX's escape features (HO)
(/Users/davidliu/Library/TinyTeX/texmf-dist/tex/generic/ltxcmds/ltxcmds.sty
Package: ltxcmds 2023-12-04 v1.26 LaTeX kernel commands for general use (HO)
) (/Users/davidliu/Library/TinyTeX/texmf-dist/tex/generic/pdftexcmds/pdftexcmds.sty
Package: pdftexcmds 2020-06-27 v0.33 Utility functions of pdfTeX for LuaTeX (HO)
(/Users/davidliu/Library/TinyTeX/texmf-dist/tex/generic/infwarerr/infwarerr.sty
Package: infwarerr 2019/12/03 v1.5 Providing info/warning/error messages (HO)
)
Package pdftexcmds Info: \pdf@primitive is available.
Package pdftexcmds Info: \pdf@ifprimitive is available.
Package pdftexcmds Info: \pdfdraftmode found.
)) (/Users/davidliu/Library/TinyTeX/texmf-dist/tex/latex/hycolor/hycolor.sty
Package: hycolor 2020-01-27 v1.10 Color options for hyperref/bookmark (HO)
) (/Users/davidliu/Library/TinyTeX/texmf-dist/tex/latex/hyperref/nameref.sty
Package: nameref 2023-11-26 v2.56 Cross-referencing by name of section
(/Users/davidliu/Library/TinyTeX/texmf-dist/tex/latex/refcount/refcount.sty
Package: refcount 2019/12/15 v3.6 Data extraction from label references (HO)
) (/Users/davidliu/Library/TinyTeX/texmf-dist/tex/generic/gettitlestring/gettitlestring.sty
Package: gettitlestring 2019/12/15 v1.6 Cleanup title references (HO)
(/Users/davidliu/Library/TinyTeX/texmf-dist/tex/latex/kvoptions/kvoptions.sty
Package: kvoptions 2022-06-15 v3.15 Key value format for package options (HO)
))
\c@section@level=\count266
) (/Users/davidliu/Library/TinyTeX/texmf-dist/tex/latex/etoolbox/etoolbox.sty
Package: etoolbox 2020/10/05 v2.5k e-TeX tools for LaTeX (JAW)
\etb@tempcnta=\count267
) (/Users/davidliu/Library/TinyTeX/texmf-dist/tex/generic/stringenc/stringenc.sty
Package: stringenc 2019/11/29 v1.12 Convert strings between diff. encodings (HO)
)
\@linkdim=\dimen149
\Hy@linkcounter=\count268
\Hy@pagecounter=\count269
(/Users/davidliu/Library/TinyTeX/texmf-dist/tex/latex/hyperref/pd1enc.def
File: pd1enc.def 2024-07-10 v7.01j Hyperref: PDFDocEncoding definition (HO)
Now handling font encoding PD1 ...
... no UTF-8 mapping file for font encoding PD1
) (/Users/davidliu/Library/TinyTeX/texmf-dist/tex/generic/intcalc/intcalc.sty
Package: intcalc 2019/12/15 v1.3 Expandable calculations with integers (HO)
)
\Hy@SavedSpaceFactor=\count270
(/Users/davidliu/Library/TinyTeX/texmf-dist/tex/latex/hyperref/puenc.def
File: puenc.def 2024-07-10 v7.01j Hyperref: PDF Unicode definition (HO)
Now handling font encoding PU ...
... no UTF-8 mapping file for font encoding PU
)
Package hyperref Info: Hyper figures OFF on input line 4157.
Package hyperref Info: Link nesting OFF on input line 4162.
Package hyperref Info: Hyper index ON on input line 4165.
Package hyperref Info: Plain pages OFF on input line 4172.
Package hyperref Info: Backreferencing OFF on input line 4177.
Package hyperref Info: Implicit mode ON; LaTeX internals redefined.
Package hyperref Info: Bookmarks ON on input line 4424.
\c@Hy@tempcnt=\count271
(/Users/davidliu/Library/TinyTeX/texmf-dist/tex/latex/url/url.sty
\Urlmuskip=\muskip16
Package: url 2013/09/16  ver 3.4  Verb mode for urls, etc.
)
LaTeX Info: Redefining \url on input line 4763.
\XeTeXLinkMargin=\dimen150
(/Users/davidliu/Library/TinyTeX/texmf-dist/tex/generic/bitset/bitset.sty
Package: bitset 2019/12/09 v1.3 Handle bit-vector datatype (HO)
(/Users/davidliu/Library/TinyTeX/texmf-dist/tex/generic/bigintcalc/bigintcalc.sty
Package: bigintcalc 2019/12/15 v1.5 Expandable calculations on big integers (HO)
))
\Fld@menulength=\count272
\Field@Width=\dimen151
\Fld@charsize=\dimen152
Package hyperref Info: Hyper figures OFF on input line 6042.
Package hyperref Info: Link nesting OFF on input line 6047.
Package hyperref Info: Hyper index ON on input line 6050.
Package hyperref Info: backreferencing OFF on input line 6057.
Package hyperref Info: Link coloring OFF on input line 6062.
Package hyperref Info: Link coloring with OCG OFF on input line 6067.
Package hyperref Info: PDF/A mode OFF on input line 6072.
(/Users/davidliu/Library/TinyTeX/texmf-dist/tex/latex/base/atbegshi-ltx.sty
Package: atbegshi-ltx 2021/01/10 v1.0c Emulation of the original atbegshi
package with kernel methods
)
\Hy@abspage=\count273
\c@Item=\count274
\c@Hfootnote=\count275
)
Package hyperref Info: Driver (autodetected): hpdftex.
(/Users/davidliu/Library/TinyTeX/texmf-dist/tex/latex/hyperref/hpdftex.def
File: hpdftex.def 2024-07-10 v7.01j Hyperref driver for pdfTeX
(/Users/davidliu/Library/TinyTeX/texmf-dist/tex/latex/base/atveryend-ltx.sty
Package: atveryend-ltx 2020/08/19 v1.0a Emulation of the original atveryend package
with kernel methods
)
\Fld@listcount=\count276
\c@bookmark@seq@number=\count277
(/Users/davidliu/Library/TinyTeX/texmf-dist/tex/latex/rerunfilecheck/rerunfilecheck.sty
Package: rerunfilecheck 2022-07-10 v1.10 Rerun checks for auxiliary files (HO)
(/Users/davidliu/Library/TinyTeX/texmf-dist/tex/generic/uniquecounter/uniquecounter.sty
Package: uniquecounter 2019/12/15 v1.4 Provide unlimited unique counter (HO)
)
Package uniquecounter Info: New unique counter `rerunfilecheck' on input line 285.
)
\Hy@SectionHShift=\skip61
) (/Users/davidliu/Library/TinyTeX/texmf-dist/tex/latex/booktabs/booktabs.sty
Package: booktabs 2020/01/12 v1.61803398 Publication quality tables
\heavyrulewidth=\dimen153
\lightrulewidth=\dimen154
\cmidrulewidth=\dimen155
\belowrulesep=\dimen156
\belowbottomsep=\dimen157
\aboverulesep=\dimen158
\abovetopsep=\dimen159
\cmidrulesep=\dimen160
\cmidrulekern=\dimen161
\defaultaddspace=\dimen162
\@cmidla=\count278
\@cmidlb=\count279
\@aboverulesep=\dimen163
\@belowrulesep=\dimen164
\@thisruleclass=\count280
\@lastruleclass=\count281
\@thisrulewidth=\dimen165
) (/Users/davidliu/Library/TinyTeX/texmf-dist/tex/latex/amsfonts/amsfonts.sty
Package: amsfonts 2013/01/14 v3.01 Basic AMSFonts support
\@emptytoks=\toks21
\symAMSa=\mathgroup4
\symAMSb=\mathgroup5
LaTeX Font Info:    Redeclaring math symbol \hbar on input line 98.
LaTeX Font Info:    Overwriting math alphabet `\mathfrak' in version `bold'
(Font)                  U/euf/m/n --> U/euf/b/n on input line 106.
) (/Users/davidliu/Library/TinyTeX/texmf-dist/tex/latex/units/nicefrac.sty
Package: nicefrac 1998/08/04 v0.9b Nice fractions
\L@UnitsRaiseDisplaystyle=\skip62
\L@UnitsRaiseTextstyle=\skip63
\L@UnitsRaiseScriptstyle=\skip64
(/Users/davidliu/Library/TinyTeX/texmf-dist/tex/latex/base/ifthen.sty
Package: ifthen 2024/03/16 v1.1e Standard LaTeX ifthen package (DPC)
)) (/Users/davidliu/Library/TinyTeX/texmf-dist/tex/latex/microtype/microtype.sty
Package: microtype 2024/03/29 v3.1b Micro-typographical refinements (RS)
\MT@toks=\toks22
\MT@tempbox=\box51
\MT@count=\count282
LaTeX Info: Redefining \noprotrusionifhmode on input line 1061.
LaTeX Info: Redefining \leftprotrusion on input line 1062.
\MT@prot@toks=\toks23
LaTeX Info: Redefining \rightprotrusion on input line 1081.
LaTeX Info: Redefining \textls on input line 1392.
\MT@outer@kern=\dimen166
LaTeX Info: Redefining \textmicrotypecontext on input line 2013.
\MT@listname@count=\count283
(/Users/davidliu/Library/TinyTeX/texmf-dist/tex/latex/microtype/microtype-pdftex.def
File: microtype-pdftex.def 2024/03/29 v3.1b Definitions specific to pdftex (RS)
LaTeX Info: Redefining \lsstyle on input line 902.
LaTeX Info: Redefining \lslig on input line 902.
\MT@outer@space=\skip65
)
Package microtype Info: Loading configuration file microtype.cfg.
(/Users/davidliu/Library/TinyTeX/texmf-dist/tex/latex/microtype/microtype.cfg
File: microtype.cfg 2024/03/29 v3.1b microtype main configuration file (RS)
)) (/Users/davidliu/Library/TinyTeX/texmf-dist/tex/latex/graphics/graphicx.sty
Package: graphicx 2021/09/16 v1.2d Enhanced LaTeX Graphics (DPC,SPQR)
(/Users/davidliu/Library/TinyTeX/texmf-dist/tex/latex/graphics/graphics.sty
Package: graphics 2024/05/23 v1.4g Standard LaTeX Graphics (DPC,SPQR)
(/Users/davidliu/Library/TinyTeX/texmf-dist/tex/latex/graphics/trig.sty
Package: trig 2023/12/02 v1.11 sin cos tan (DPC)
) (/Users/davidliu/Library/TinyTeX/texmf-dist/tex/latex/graphics-cfg/graphics.cfg
File: graphics.cfg 2016/06/04 v1.11 sample graphics configuration
)
Package graphics Info: Driver file: pdftex.def on input line 106.
(/Users/davidliu/Library/TinyTeX/texmf-dist/tex/latex/graphics-def/pdftex.def
File: pdftex.def 2024/04/13 v1.2c Graphics/color driver for pdftex
))
\Gin@req@height=\dimen167
\Gin@req@width=\dimen168
) (/Users/davidliu/Library/TinyTeX/texmf-dist/tex/latex/amsmath/amsmath.sty
Package: amsmath 2024/05/23 v2.17q AMS math features
\@mathmargin=\skip66
For additional information on amsmath, use the `?' option.
(/Users/davidliu/Library/TinyTeX/texmf-dist/tex/latex/amsmath/amstext.sty
Package: amstext 2021/08/26 v2.01 AMS text
(/Users/davidliu/Library/TinyTeX/texmf-dist/tex/latex/amsmath/amsgen.sty
File: amsgen.sty 1999/11/30 v2.0 generic functions
\@emptytoks=\toks24
\ex@=\dimen169
)) (/Users/davidliu/Library/TinyTeX/texmf-dist/tex/latex/amsmath/amsbsy.sty
Package: amsbsy 1999/11/29 v1.2d Bold Symbols
\pmbraise@=\dimen170
) (/Users/davidliu/Library/TinyTeX/texmf-dist/tex/latex/amsmath/amsopn.sty
Package: amsopn 2022/04/08 v2.04 operator names
)
\inf@bad=\count284
LaTeX Info: Redefining \frac on input line 233.
\uproot@=\count285
\leftroot@=\count286
LaTeX Info: Redefining \overline on input line 398.
LaTeX Info: Redefining \colon on input line 409.
\classnum@=\count287
\DOTSCASE@=\count288
LaTeX Info: Redefining \ldots on input line 495.
LaTeX Info: Redefining \dots on input line 498.
LaTeX Info: Redefining \cdots on input line 619.
\Mathstrutbox@=\box52
\strutbox@=\box53
LaTeX Info: Redefining \big on input line 721.
LaTeX Info: Redefining \Big on input line 722.
LaTeX Info: Redefining \bigg on input line 723.
LaTeX Info: Redefining \Bigg on input line 724.
\big@size=\dimen171
LaTeX Font Info:    Redeclaring font encoding OML on input line 742.
LaTeX Font Info:    Redeclaring font encoding OMS on input line 743.
\macc@depth=\count289
LaTeX Info: Redefining \bmod on input line 904.
LaTeX Info: Redefining \pmod on input line 909.
LaTeX Info: Redefining \smash on input line 939.
LaTeX Info: Redefining \relbar on input line 969.
LaTeX Info: Redefining \Relbar on input line 970.
\c@MaxMatrixCols=\count290
\dotsspace@=\muskip17
\c@parentequation=\count291
\dspbrk@lvl=\count292
\tag@help=\toks25
\row@=\count293
\column@=\count294
\maxfields@=\count295
\andhelp@=\toks26
\eqnshift@=\dimen172
\alignsep@=\dimen173
\tagshift@=\dimen174
\tagwidth@=\dimen175
\totwidth@=\dimen176
\lineht@=\dimen177
\@envbody=\toks27
\multlinegap=\skip67
\multlinetaggap=\skip68
\mathdisplay@stack=\toks28
LaTeX Info: Redefining \[ on input line 2953.
LaTeX Info: Redefining \] on input line 2954.
) (/Users/davidliu/Library/TinyTeX/texmf-dist/tex/latex/caption/subcaption.sty
Package: subcaption 2023/07/28 v1.6b Sub-captions (AR)
(/Users/davidliu/Library/TinyTeX/texmf-dist/tex/latex/caption/caption.sty
Package: caption 2023/08/05 v3.6o Customizing captions (AR)
(/Users/davidliu/Library/TinyTeX/texmf-dist/tex/latex/caption/caption3.sty
Package: caption3 2023/07/31 v2.4d caption3 kernel (AR)
\caption@tempdima=\dimen178
\captionmargin=\dimen179
\caption@leftmargin=\dimen180
\caption@rightmargin=\dimen181
\caption@width=\dimen182
\caption@indent=\dimen183
\caption@parindent=\dimen184
\caption@hangindent=\dimen185
Package caption Info: Standard document class detected.
)
\c@caption@flags=\count296
\c@continuedfloat=\count297
Package caption Info: hyperref package is loaded.
)
Package caption Info: New subtype `subfigure' on input line 238.
\c@subfigure=\count298
Package caption Info: New subtype `subtable' on input line 238.
\c@subtable=\count299
)
LaTeX Font Info:    Trying to load font information for T1+lmr on input line 73.
(/Users/davidliu/Library/TinyTeX/texmf-dist/tex/latex/lm/t1lmr.fd
File: t1lmr.fd 2015/05/01 v1.6.1 Font defs for Latin Modern
) (/Users/davidliu/Library/TinyTeX/texmf-dist/tex/latex/l3backend/l3backend-pdftex.def
File: l3backend-pdftex.def 2024-05-08 L3 backend support: PDF output (pdfTeX)
\l__color_backend_stack_int=\count300
\l__pdf_internal_box=\box54
) (./main.aux

LaTeX Warning: Label `fig:1_1_orange_marilyn' multiply defined.


LaTeX Warning: Label `sub@fig:1_1_orange_marilyn' multiply defined.


LaTeX Warning: Label `fig:1_2_red_marilyn' multiply defined.


LaTeX Warning: Label `sub@fig:1_2_red_marilyn' multiply defined.


LaTeX Warning: Label `fig:1_3_turq_marilyn' multiply defined.


LaTeX Warning: Label `sub@fig:1_3_turq_marilyn' multiply defined.


LaTeX Warning: Label `fig:1_4_blue_marilyn' multiply defined.


LaTeX Warning: Label `sub@fig:1_4_blue_marilyn' multiply defined.


LaTeX Warning: Label `fig:1_5_eggblue_marilyn' multiply defined.


LaTeX Warning: Label `sub@fig:1_5_eggblue_marilyn' multiply defined.


LaTeX Warning: Label `fig:marilyn_variations' multiply defined.


LaTeX Warning: Label `fig:1_1_orange_marilyn' multiply defined.


LaTeX Warning: Label `sub@fig:1_1_orange_marilyn' multiply defined.


LaTeX Warning: Label `fig:1_2_red_marilyn' multiply defined.


LaTeX Warning: Label `sub@fig:1_2_red_marilyn' multiply defined.


LaTeX Warning: Label `fig:1_3_turq_marilyn' multiply defined.


LaTeX Warning: Label `sub@fig:1_3_turq_marilyn' multiply defined.


LaTeX Warning: Label `fig:1_4_blue_marilyn' multiply defined.


LaTeX Warning: Label `sub@fig:1_4_blue_marilyn' multiply defined.


LaTeX Warning: Label `fig:1_5_eggblue_marilyn' multiply defined.


LaTeX Warning: Label `sub@fig:1_5_eggblue_marilyn' multiply defined.


LaTeX Warning: Label `fig:marilyn_variations' multiply defined.


LaTeX Warning: Label `fig:orange_marilyn_scatter' multiply defined.

)
\openout1 = `main.aux'.

LaTeX Font Info:    Checking defaults for OML/cmm/m/it on input line 73.
LaTeX Font Info:    ... okay on input line 73.
LaTeX Font Info:    Checking defaults for OMS/cmsy/m/n on input line 73.
LaTeX Font Info:    ... okay on input line 73.
LaTeX Font Info:    Checking defaults for OT1/cmr/m/n on input line 73.
LaTeX Font Info:    ... okay on input line 73.
LaTeX Font Info:    Checking defaults for T1/cmr/m/n on input line 73.
LaTeX Font Info:    ... okay on input line 73.
LaTeX Font Info:    Checking defaults for TS1/cmr/m/n on input line 73.
LaTeX Font Info:    ... okay on input line 73.
LaTeX Font Info:    Checking defaults for OMX/cmex/m/n on input line 73.
LaTeX Font Info:    ... okay on input line 73.
LaTeX Font Info:    Checking defaults for U/cmr/m/n on input line 73.
LaTeX Font Info:    ... okay on input line 73.
LaTeX Font Info:    Checking defaults for PD1/pdf/m/n on input line 73.
LaTeX Font Info:    ... okay on input line 73.
LaTeX Font Info:    Checking defaults for PU/pdf/m/n on input line 73.
LaTeX Font Info:    ... okay on input line 73.
*geometry* driver: auto-detecting
*geometry* detected driver: pdftex
*geometry* verbose mode - [ preamble ] result:
* driver: pdftex
* paper: letterpaper
* layout: <same size as paper>
* layoutoffset:(h,v)=(0.0pt,0.0pt)
* modes: 
* h-part:(L,W,R)=(92.14519pt, 430.00462pt, 92.14519pt)
* v-part:(T,H,B)=(95.39737pt, 556.47656pt, 143.09605pt)
* \paperwidth=614.295pt
* \paperheight=794.96999pt
* \textwidth=430.00462pt
* \textheight=556.47656pt
* \oddsidemargin=19.8752pt
* \evensidemargin=19.8752pt
* \topmargin=-13.87262pt
* \headheight=12.0pt
* \headsep=25.0pt
* \topskip=10.0pt
* \footskip=30.0pt
* \marginparwidth=65.0pt
* \marginparsep=11.0pt
* \columnsep=10.0pt
* \skip\footins=9.0pt plus 4.0pt minus 2.0pt
* \hoffset=0.0pt
* \voffset=0.0pt
* \mag=1000
* \@twocolumnfalse
* \@twosidefalse
* \@mparswitchfalse
* \@reversemarginfalse
* (1in=72.27pt=25.4mm, 1cm=28.453pt)

*geometry* verbose mode - [ newgeometry ] result:
* driver: pdftex
* paper: letterpaper
* layout: <same size as paper>
* layoutoffset:(h,v)=(0.0pt,0.0pt)
* modes: 
* h-part:(L,W,R)=(72.27pt, 469.75499pt, 72.27pt)
* v-part:(T,H,B)=(72.26999pt, 650.43pt, 72.27pt)
* \paperwidth=614.295pt
* \paperheight=794.96999pt
* \textwidth=469.75499pt
* \textheight=650.43pt
* \oddsidemargin=0.00002pt
* \evensidemargin=0.00002pt
* \topmargin=-39.0pt
* \headheight=14.0pt
* \headsep=25.0pt
* \topskip=10.0pt
* \footskip=30.0pt
* \marginparwidth=65.0pt
* \marginparsep=11.0pt
* \columnsep=10.0pt
* \skip\footins=9.0pt plus 4.0pt minus 2.0pt
* \hoffset=0.0pt
* \voffset=0.0pt
* \mag=1000
* \@twocolumnfalse
* \@twosidefalse
* \@mparswitchfalse
* \@reversemarginfalse
* (1in=72.27pt=25.4mm, 1cm=28.453pt)

Package hyperref Info: Link coloring OFF on input line 73.
(./main.out) (./main.out)
\@outlinefile=\write3
\openout3 = `main.out'.

LaTeX Info: Redefining \microtypecontext on input line 73.
Package microtype Info: Applying patch `item' on input line 73.
Package microtype Info: Applying patch `toc' on input line 73.
Package microtype Info: Applying patch `eqnum' on input line 73.
Package microtype Info: Applying patch `footnote' on input line 73.
Package microtype Info: Applying patch `verbatim' on input line 73.
Package microtype Info: Generating PDF output.
Package microtype Info: Character protrusion enabled (level 2).
Package microtype Info: Using default protrusion set `alltext'.
Package microtype Info: Automatic font expansion enabled (level 2),
(microtype)             stretch: 20, shrink: 20, step: 1, non-selected.
Package microtype Info: Using default expansion set `alltext-nott'.
LaTeX Info: Redefining \showhyphens on input line 73.
Package microtype Info: No adjustment of tracking.
Package microtype Info: No adjustment of interword spacing.
Package microtype Info: No adjustment of character kerning.
(/Users/davidliu/Library/TinyTeX/texmf-dist/tex/latex/microtype/mt-cmr.cfg
File: mt-cmr.cfg 2013/05/19 v2.2 microtype config. file: Computer Modern Roman (RS)
) (/Users/davidliu/Library/TinyTeX/texmf-dist/tex/latex/epstopdf-pkg/epstopdf-base.sty
Package: epstopdf-base 2020-01-24 v2.11 Base part for package epstopdf
Package epstopdf-base Info: Redefining graphics rule for `.eps' on input line 485.
(/Users/davidliu/Library/TinyTeX/texmf-dist/tex/latex/latexconfig/epstopdf-sys.cfg
File: epstopdf-sys.cfg 2010/07/13 v1.3 Configuration of (r)epstopdf for TeX Live
))
Package caption Info: Begin \AtBeginDocument code.
Package caption Info: End \AtBeginDocument code.
Package microtype Info: Character `029' is missing
(microtype)             in font `T1/lmr/m/sc/17.28'.
(microtype)             Ignoring protrusion settings for this character.
Package microtype Info: Character `029' is missing
(microtype)             in font `T1/lmr/m/sc/10'.
(microtype)             Ignoring protrusion settings for this character.
LaTeX Font Info:    Trying to load font information for OT1+lmr on input line 75.
(/Users/davidliu/Library/TinyTeX/texmf-dist/tex/latex/lm/ot1lmr.fd
File: ot1lmr.fd 2015/05/01 v1.6.1 Font defs for Latin Modern
)
LaTeX Font Info:    Trying to load font information for OML+lmm on input line 75.
(/Users/davidliu/Library/TinyTeX/texmf-dist/tex/latex/lm/omllmm.fd
File: omllmm.fd 2015/05/01 v1.6.1 Font defs for Latin Modern
)
LaTeX Font Info:    Trying to load font information for OMS+lmsy on input line 75.
(/Users/davidliu/Library/TinyTeX/texmf-dist/tex/latex/lm/omslmsy.fd
File: omslmsy.fd 2015/05/01 v1.6.1 Font defs for Latin Modern
)
LaTeX Font Info:    Trying to load font information for OMX+lmex on input line 75.
(/Users/davidliu/Library/TinyTeX/texmf-dist/tex/latex/lm/omxlmex.fd
File: omxlmex.fd 2015/05/01 v1.6.1 Font defs for Latin Modern
)
LaTeX Font Info:    External font `lmex10' loaded for size
(Font)              <10> on input line 75.
LaTeX Font Info:    External font `lmex10' loaded for size
(Font)              <7> on input line 75.
LaTeX Font Info:    External font `lmex10' loaded for size
(Font)              <5> on input line 75.
LaTeX Font Info:    Trying to load font information for U+msa on input line 75.
(/Users/davidliu/Library/TinyTeX/texmf-dist/tex/latex/amsfonts/umsa.fd
File: umsa.fd 2013/01/14 v3.01 AMS symbols A
) (/Users/davidliu/Library/TinyTeX/texmf-dist/tex/latex/microtype/mt-msa.cfg
File: mt-msa.cfg 2006/02/04 v1.1 microtype config. file: AMS symbols (a) (RS)
)
LaTeX Font Info:    Trying to load font information for U+msb on input line 75.
(/Users/davidliu/Library/TinyTeX/texmf-dist/tex/latex/amsfonts/umsb.fd
File: umsb.fd 2013/01/14 v3.01 AMS symbols B
) (/Users/davidliu/Library/TinyTeX/texmf-dist/tex/latex/microtype/mt-msb.cfg
File: mt-msb.cfg 2005/06/01 v1.0 microtype config. file: AMS symbols (b) (RS)
)
LaTeX Font Info:    Trying to load font information for T1+lmtt on input line 75.
(/Users/davidliu/Library/TinyTeX/texmf-dist/tex/latex/lm/t1lmtt.fd
File: t1lmtt.fd 2015/05/01 v1.6.1 Font defs for Latin Modern
)
Package microtype Info: Loading generic protrusion settings for font family
(microtype)             `lmtt' (encoding: T1).
(microtype)             For optimal results, create family-specific settings.
(microtype)             See the microtype manual for details.

LaTeX Font Warning: Font shape `T1/lmr/bx/sc' undefined
(Font)              using `T1/lmr/bx/n' instead on input line 77.


Underfull \vbox (badness 1308) has occurred while \output is active []

[1


{/Users/davidliu/Library/TinyTeX/texmf-var/fonts/map/pdftex/updmap/pdftex.map}{/Users/davidliu/Library/TinyTeX/texmf-dist/fonts/enc/dvips/lm/lm-ec.enc}{/Users/davidliu/Library/TinyTeX/texmf-dist/fonts/enc/dvips/lm/lm-mathsy.enc}]
<main_files/figure-latex/1_1_orange_marilyn.jpg, id=67, 963.6pt x 963.6pt>
File: main_files/figure-latex/1_1_orange_marilyn.jpg Graphic file (type jpg)
<use main_files/figure-latex/1_1_orange_marilyn.jpg>
Package pdftex.def Info: main_files/figure-latex/1_1_orange_marilyn.jpg  used on input line 154.
(pdftex.def)             Requested size: 125.46921pt x 125.46353pt.
<main_files/figure-latex/1_2_red_marilyn.jpg, id=68, 963.6pt x 963.6pt>
File: main_files/figure-latex/1_2_red_marilyn.jpg Graphic file (type jpg)
<use main_files/figure-latex/1_2_red_marilyn.jpg>
Package pdftex.def Info: main_files/figure-latex/1_2_red_marilyn.jpg  used on input line 161.
(pdftex.def)             Requested size: 125.46921pt x 125.46353pt.
<main_files/figure-latex/1_3_turq_marilyn.jpg, id=69, 963.6pt x 963.6pt>
File: main_files/figure-latex/1_3_turq_marilyn.jpg Graphic file (type jpg)
<use main_files/figure-latex/1_3_turq_marilyn.jpg>
Package pdftex.def Info: main_files/figure-latex/1_3_turq_marilyn.jpg  used on input line 168.
(pdftex.def)             Requested size: 125.46921pt x 125.46353pt.
<main_files/figure-latex/1_4_blue_marilyn.jpg, id=70, 963.6pt x 963.6pt>
File: main_files/figure-latex/1_4_blue_marilyn.jpg Graphic file (type jpg)
<use main_files/figure-latex/1_4_blue_marilyn.jpg>
Package pdftex.def Info: main_files/figure-latex/1_4_blue_marilyn.jpg  used on input line 179.
(pdftex.def)             Requested size: 125.46921pt x 125.46353pt.
<main_files/figure-latex/1_5_eggblue_marilyn.jpg, id=71, 963.6pt x 963.6pt>
File: main_files/figure-latex/1_5_eggblue_marilyn.jpg Graphic file (type jpg)
<use main_files/figure-latex/1_5_eggblue_marilyn.jpg>
Package pdftex.def Info: main_files/figure-latex/1_5_eggblue_marilyn.jpg  used on input line 186.
(pdftex.def)             Requested size: 125.46921pt x 125.46353pt.
[2{/Users/davidliu/Library/TinyTeX/texmf-dist/fonts/enc/dvips/lm/lm-mathit.enc}{/Users/davidliu/Library/TinyTeX/texmf-dist/fonts/enc/dvips/lm/lm-rm.enc} <./main_files/figure-latex/1_1_orange_marilyn.jpg> <./main_files/figure-latex/1_2_red_marilyn.jpg> <./main_files/figure-latex/1_3_turq_marilyn.jpg> <./main_files/figure-latex/1_4_blue_marilyn.jpg> <./main_files/figure-latex/1_5_eggblue_marilyn.jpg>]
<main_files/figure-latex/2_1_orange_marilyn_dist.pdf, id=82, 393.60803pt x 295.32709pt>
File: main_files/figure-latex/2_1_orange_marilyn_dist.pdf Graphic file (type pdf)
<use main_files/figure-latex/2_1_orange_marilyn_dist.pdf>
Package pdftex.def Info: main_files/figure-latex/2_1_orange_marilyn_dist.pdf  used on input line 265.
(pdftex.def)             Requested size: 125.46921pt x 94.14157pt.
<main_files/figure-latex/2_2_red_marilyn_dist.pdf, id=83, 393.60803pt x 295.32709pt>
File: main_files/figure-latex/2_2_red_marilyn_dist.pdf Graphic file (type pdf)
<use main_files/figure-latex/2_2_red_marilyn_dist.pdf>
Package pdftex.def Info: main_files/figure-latex/2_2_red_marilyn_dist.pdf  used on input line 272.
(pdftex.def)             Requested size: 125.46921pt x 94.14157pt.
<main_files/figure-latex/2_3_turq_marilyn_dist.pdf, id=84, 399.99126pt x 295.32709pt>
File: main_files/figure-latex/2_3_turq_marilyn_dist.pdf Graphic file (type pdf)
<use main_files/figure-latex/2_3_turq_marilyn_dist.pdf>
Package pdftex.def Info: main_files/figure-latex/2_3_turq_marilyn_dist.pdf  used on input line 279.
(pdftex.def)             Requested size: 125.46921pt x 92.63646pt.
<main_files/figure-latex/2_4_blue_marilyn_dist.pdf, id=85, 393.60803pt x 295.32709pt>
File: main_files/figure-latex/2_4_blue_marilyn_dist.pdf Graphic file (type pdf)
<use main_files/figure-latex/2_4_blue_marilyn_dist.pdf>
Package pdftex.def Info: main_files/figure-latex/2_4_blue_marilyn_dist.pdf  used on input line 290.
(pdftex.def)             Requested size: 125.46921pt x 94.14157pt.
<main_files/figure-latex/2_5_eggblue_marilyn_dist.pdf, id=86, 399.99126pt x 295.32709pt>
File: main_files/figure-latex/2_5_eggblue_marilyn_dist.pdf Graphic file (type pdf)
<use main_files/figure-latex/2_5_eggblue_marilyn_dist.pdf>
Package pdftex.def Info: main_files/figure-latex/2_5_eggblue_marilyn_dist.pdf  used on input line 297.
(pdftex.def)             Requested size: 125.46921pt x 92.63646pt.
<main_files/figure-latex/3_1_orange_marilyn_entropy.pdf, id=87, 395.18658pt x 375.92714pt>
File: main_files/figure-latex/3_1_orange_marilyn_entropy.pdf Graphic file (type pdf)
<use main_files/figure-latex/3_1_orange_marilyn_entropy.pdf>
Package pdftex.def Info: main_files/figure-latex/3_1_orange_marilyn_entropy.pdf  used on input line 333.
(pdftex.def)             Requested size: 125.46921pt x 119.35266pt.
<main_files/figure-latex/3_2_red_marilyn_entropy.pdf, id=88, 395.18658pt x 375.92714pt>
File: main_files/figure-latex/3_2_red_marilyn_entropy.pdf Graphic file (type pdf)
<use main_files/figure-latex/3_2_red_marilyn_entropy.pdf>
Package pdftex.def Info: main_files/figure-latex/3_2_red_marilyn_entropy.pdf  used on input line 340.
(pdftex.def)             Requested size: 125.46921pt x 119.35266pt.
<main_files/figure-latex/3_3_turq_marilyn_entropy.pdf, id=89, 395.18658pt x 375.92714pt>
File: main_files/figure-latex/3_3_turq_marilyn_entropy.pdf Graphic file (type pdf)
<use main_files/figure-latex/3_3_turq_marilyn_entropy.pdf>
Package pdftex.def Info: main_files/figure-latex/3_3_turq_marilyn_entropy.pdf  used on input line 347.
(pdftex.def)             Requested size: 125.46921pt x 119.35266pt.
<main_files/figure-latex/3_4_blue_marilyn_entropy.pdf, id=90, 395.18658pt x 375.92714pt>
File: main_files/figure-latex/3_4_blue_marilyn_entropy.pdf Graphic file (type pdf)
<use main_files/figure-latex/3_4_blue_marilyn_entropy.pdf>
Package pdftex.def Info: main_files/figure-latex/3_4_blue_marilyn_entropy.pdf  used on input line 358.
(pdftex.def)             Requested size: 125.46921pt x 119.35266pt.
<main_files/figure-latex/3_5_eggblue_marilyn_entropy.pdf, id=91, 395.18658pt x 375.92714pt>
File: main_files/figure-latex/3_5_eggblue_marilyn_entropy.pdf Graphic file (type pdf)
<use main_files/figure-latex/3_5_eggblue_marilyn_entropy.pdf>
Package pdftex.def Info: main_files/figure-latex/3_5_eggblue_marilyn_entropy.pdf  used on input line 365.
(pdftex.def)             Requested size: 125.46921pt x 119.35266pt.
[3{/Users/davidliu/Library/TinyTeX/texmf-dist/fonts/enc/dvips/lm/lm-mathex.enc}]
<main_files/figure-latex/4_1_orange_marilyn_original_scatter.jpg, id=106, 570.82008pt x 570.82008pt>
File: main_files/figure-latex/4_1_orange_marilyn_original_scatter.jpg Graphic file (type jpg)
<use main_files/figure-latex/4_1_orange_marilyn_original_scatter.jpg>
Package pdftex.def Info: main_files/figure-latex/4_1_orange_marilyn_original_scatter.jpg  used on input line 397.
(pdftex.def)             Requested size: 211.3883pt x 211.38303pt.
<main_files/figure-latex/4_2_orange_marilyn_original_scatter.jpg, id=107, 570.82008pt x 570.82008pt>
File: main_files/figure-latex/4_2_orange_marilyn_original_scatter.jpg Graphic file (type jpg)
<use main_files/figure-latex/4_2_orange_marilyn_original_scatter.jpg>
Package pdftex.def Info: main_files/figure-latex/4_2_orange_marilyn_original_scatter.jpg  used on input line 404.
(pdftex.def)             Requested size: 211.3883pt x 211.38303pt.
<main_files/figure-latex/4_3_orange_marilyn_original_scatter.jpg, id=108, 570.82008pt x 570.82008pt>
File: main_files/figure-latex/4_3_orange_marilyn_original_scatter.jpg Graphic file (type jpg)
<use main_files/figure-latex/4_3_orange_marilyn_original_scatter.jpg>
Package pdftex.def Info: main_files/figure-latex/4_3_orange_marilyn_original_scatter.jpg  used on input line 413.
(pdftex.def)             Requested size: 211.3883pt x 211.38303pt.
<main_files/figure-latex/4_4_orange_marilyn_original_scatter.jpg, id=109, 570.82008pt x 570.82008pt>
File: main_files/figure-latex/4_4_orange_marilyn_original_scatter.jpg Graphic file (type jpg)
<use main_files/figure-latex/4_4_orange_marilyn_original_scatter.jpg>
Package pdftex.def Info: main_files/figure-latex/4_4_orange_marilyn_original_scatter.jpg  used on input line 420.
(pdftex.def)             Requested size: 211.3883pt x 211.38303pt.
<main_files/figure-latex/4_5_red_marilyn_original_scatter.jpg, id=110, 570.82008pt x 570.82008pt>
File: main_files/figure-latex/4_5_red_marilyn_original_scatter.jpg Graphic file (type jpg)
<use main_files/figure-latex/4_5_red_marilyn_original_scatter.jpg>
Package pdftex.def Info: main_files/figure-latex/4_5_red_marilyn_original_scatter.jpg  used on input line 465.
(pdftex.def)             Requested size: 211.3883pt x 211.38303pt.
<main_files/figure-latex/4_6_red_marilyn_original_scatter.jpg, id=111, 570.82008pt x 570.82008pt>
File: main_files/figure-latex/4_6_red_marilyn_original_scatter.jpg Graphic file (type jpg)
<use main_files/figure-latex/4_6_red_marilyn_original_scatter.jpg>
Package pdftex.def Info: main_files/figure-latex/4_6_red_marilyn_original_scatter.jpg  used on input line 472.
(pdftex.def)             Requested size: 211.3883pt x 211.38303pt.
<main_files/figure-latex/4_7_red_marilyn_original_scatter.jpg, id=112, 570.82008pt x 570.82008pt>
File: main_files/figure-latex/4_7_red_marilyn_original_scatter.jpg Graphic file (type jpg)
<use main_files/figure-latex/4_7_red_marilyn_original_scatter.jpg>
Package pdftex.def Info: main_files/figure-latex/4_7_red_marilyn_original_scatter.jpg  used on input line 481.
(pdftex.def)             Requested size: 211.3883pt x 211.38303pt.
<main_files/figure-latex/4_8_red_marilyn_original_scatter.jpg, id=113, 570.82008pt x 570.82008pt>
File: main_files/figure-latex/4_8_red_marilyn_original_scatter.jpg Graphic file (type jpg)
<use main_files/figure-latex/4_8_red_marilyn_original_scatter.jpg>
Package pdftex.def Info: main_files/figure-latex/4_8_red_marilyn_original_scatter.jpg  used on input line 488.
(pdftex.def)             Requested size: 211.3883pt x 211.38303pt.
[4 <./main_files/figure-latex/2_1_orange_marilyn_dist.pdf> <./main_files/figure-latex/2_2_red_marilyn_dist.pdf> <./main_files/figure-latex/2_3_turq_marilyn_dist.pdf> <./main_files/figure-latex/2_4_blue_marilyn_dist.pdf> <./main_files/figure-latex/2_5_eggblue_marilyn_dist.pdf>]
No file main.bbl.
[5 <./main_files/figure-latex/3_1_orange_marilyn_entropy.pdf> <./main_files/figure-latex/3_2_red_marilyn_entropy.pdf> <./main_files/figure-latex/3_3_turq_marilyn_entropy.pdf> <./main_files/figure-latex/3_4_blue_marilyn_entropy.pdf> <./main_files/figure-latex/3_5_eggblue_marilyn_entropy.pdf>] [6 <./main_files/figure-latex/4_1_orange_marilyn_original_scatter.jpg> <./main_files/figure-latex/4_2_orange_marilyn_original_scatter.jpg> <./main_files/figure-latex/4_3_orange_marilyn_original_scatter.jpg> <./main_files/figure-latex/4_4_orange_marilyn_original_scatter.jpg>] [7 <./main_files/figure-latex/4_5_red_marilyn_original_scatter.jpg> <./main_files/figure-latex/4_6_red_marilyn_original_scatter.jpg> <./main_files/figure-latex/4_7_red_marilyn_original_scatter.jpg> <./main_files/figure-latex/4_8_red_marilyn_original_scatter.jpg>] (./main.aux)
 ***********
LaTeX2e <2023-11-01> patch level 1
L3 programming layer <2024-04-11>
 ***********

LaTeX Font Warning: Some font shapes were not available, defaults substituted.


LaTeX Warning: There were multiply-defined labels.

Package rerunfilecheck Info: File `main.out' has not changed.
(rerunfilecheck)             Checksum: A5341F2499819D18AB24D0D986836BEE;1876.
 ) 
Here is how much of TeX's memory you used:
 13928 strings out of 476010
 234713 string characters out of 5790529
 1944751 words of memory out of 5000000
 35764 multiletter control sequences out of 15000+600000
 604900 words of font info for 117 fonts, out of 8000000 for 9000
 14 hyphenation exceptions out of 8191
 75i,12n,79p,1001b,596s stack positions out of 10000i,1000n,20000p,200000b,200000s
</Users/davidliu/Library/TinyTeX/texmf-dist/fonts/type1/public/lm/lmbx10.pfb></Users/davidliu/Library/TinyTeX/texmf-dist/fonts/type1/public/lm/lmbx12.pfb></Users/davidliu/Library/TinyTeX/texmf-dist/fonts/type1/public/lm/lmbxi10.pfb></Users/davidliu/Library/TinyTeX/texmf-dist/fonts/type1/public/lm/lmcsc10.pfb></Users/davidliu/Library/TinyTeX/texmf-dist/fonts/type1/public/lm/lmex10.pfb></Users/davidliu/Library/TinyTeX/texmf-dist/fonts/type1/public/lm/lmmi10.pfb></Users/davidliu/Library/TinyTeX/texmf-dist/fonts/type1/public/lm/lmmi7.pfb></Users/davidliu/Library/TinyTeX/texmf-dist/fonts/type1/public/lm/lmr10.pfb></Users/davidliu/Library/TinyTeX/texmf-dist/fonts/type1/public/lm/lmr7.pfb></Users/davidliu/Library/TinyTeX/texmf-dist/fonts/type1/public/lm/lmr9.pfb></Users/davidliu/Library/TinyTeX/texmf-dist/fonts/type1/public/lm/lmsy10.pfb></Users/davidliu/Library/TinyTeX/texmf-dist/fonts/type1/public/lm/lmtt10.pfb>
Output written on main.pdf (7 pages, 5592114 bytes).
PDF statistics:
 455 PDF objects out of 1000 (max. 8388607)
 206 compressed objects within 3 object streams
 38 named destinations out of 1000 (max. 500000)
 25292 words of extra memory for PDF output out of 29859 (max. 10000000)

